2025-08-12 16:02:19,156 - __main__ - INFO - Starting ADMET preprocessing pipeline...
2025-08-12 16:02:19,157 - __main__ - INFO - Configuration loaded from: configs/preprocessing_config.yaml
2025-08-12 16:02:19,158 - __main__ - INFO - Preprocessing datasets...
2025-08-12 16:02:19,158 - src.data.preprocessor - INFO - Starting preprocessing of all ADMET datasets...
2025-08-12 16:02:19,159 - src.data.datasets - INFO - Processing BBBP dataset...
2025-08-12 16:02:19,159 - src.data.datasets - INFO - Loading BBBP dataset from TDC...
2025-08-12 16:02:19,173 - src.data.datasets - INFO - BBBP dataset: 2030 samples
2025-08-12 16:02:19,174 - src.data.datasets - INFO - Processing HERG dataset...
2025-08-12 16:02:19,174 - src.data.datasets - INFO - Loading hERG dataset from TDC...
2025-08-12 16:02:19,811 - src.data.datasets - INFO - hERG dataset: 10000 samples
2025-08-12 16:02:19,812 - src.data.datasets - INFO - Processing CYP3A4 dataset...
2025-08-12 16:02:19,813 - src.data.datasets - INFO - Loading CYP3A4 dataset from TDC...
2025-08-12 16:02:19,825 - src.data.datasets - INFO - CYP3A4 dataset: 670 samples
2025-08-12 16:02:19,826 - src.data.datasets - INFO - Processing FREESOLV dataset...
2025-08-12 16:02:19,826 - src.data.datasets - INFO - Loading FreeSolv dataset from TDC...
2025-08-12 16:02:19,832 - src.data.datasets - INFO - FreeSolv dataset: 642 samples
2025-08-12 16:02:19,832 - src.data.preprocessor - INFO - Processing BBBP dataset...
2025-08-12 16:02:19,833 - src.features.molecular_features - INFO - Generating features for 2030 molecules...
2025-08-12 16:02:26,275 - src.features.molecular_features - INFO - Generated features for 2030 valid molecules
2025-08-12 16:02:26,299 - src.data.preprocessor - INFO - BBBP: 2030 samples, 1049 features
2025-08-12 16:02:26,299 - src.data.preprocessor - INFO - Processing HERG dataset...
2025-08-12 16:02:26,301 - src.features.molecular_features - INFO - Generating features for 10000 molecules...
2025-08-12 16:02:57,807 - src.features.molecular_features - INFO - Generated features for 10000 valid molecules
2025-08-12 16:02:57,881 - src.data.preprocessor - INFO - HERG: 10000 samples, 1049 features
2025-08-12 16:02:57,882 - src.data.preprocessor - INFO - Processing CYP3A4 dataset...
2025-08-12 16:02:57,882 - src.features.molecular_features - INFO - Generating features for 670 molecules...
2025-08-12 16:02:59,712 - src.features.molecular_features - INFO - Generated features for 670 valid molecules
2025-08-12 16:02:59,719 - src.data.preprocessor - INFO - CYP3A4: 670 samples, 1049 features
2025-08-12 16:02:59,720 - src.data.preprocessor - INFO - Processing FREESOLV dataset...
2025-08-12 16:02:59,721 - src.features.molecular_features - INFO - Generating features for 642 molecules...
2025-08-12 16:03:01,225 - src.features.molecular_features - INFO - Generated features for 642 valid molecules
2025-08-12 16:03:01,228 - src.data.preprocessor - INFO - FREESOLV: 642 samples, 1049 features
2025-08-12 16:03:01,229 - __main__ - INFO - Generating dataset statistics...
2025-08-12 16:03:01,249 - __main__ - INFO - Dataset statistics saved to: data\processed\dataset_statistics.csv
2025-08-12 16:03:01,250 - __main__ - INFO - Analyzing features...
2025-08-12 16:03:01,412 - __main__ - INFO - Feature analysis saved to: data\processed\feature_analysis.json
2025-08-12 16:03:01,412 - __main__ - INFO - Creating data splits...
2025-08-12 16:03:01,412 - src.data.preprocessor - INFO - Using scaffold split for bbbp
2025-08-12 16:03:02,703 - src.data.preprocessor - INFO - BBBP splits - Train: 1413, Val: 207, Test: 410
2025-08-12 16:03:02,705 - src.data.preprocessor - INFO - Using scaffold split for herg
2025-08-12 16:03:07,179 - src.data.preprocessor - INFO - HERG splits - Train: 6999, Val: 1001, Test: 2000
2025-08-12 16:03:07,179 - src.data.preprocessor - INFO - Using scaffold split for cyp3a4
2025-08-12 16:03:07,481 - src.data.preprocessor - INFO - CYP3A4 splits - Train: 468, Val: 68, Test: 134
2025-08-12 16:03:07,481 - src.data.preprocessor - INFO - Using scaffold split for freesolv
2025-08-12 16:03:07,582 - src.data.preprocessor - INFO - FREESOLV splits - Train: 5, Val: 379, Test: 258
2025-08-12 16:03:07,582 - __main__ - INFO - Saving processed data...
2025-08-12 16:03:07,784 - src.data.preprocessor - INFO - Processed data saved to data\processed\processed_admet_data.pkl
2025-08-12 16:03:07,787 - src.data.preprocessor - INFO - Feature info saved to data\processed\feature_info.json
2025-08-12 16:03:07,788 - __main__ - INFO - Preprocessing pipeline completed successfully!
2025-08-12 16:09:35,973 - __main__ - INFO - Starting ADMET preprocessing pipeline...
2025-08-12 16:09:35,973 - __main__ - INFO - Configuration loaded from: configs/preprocessing_config.yaml
2025-08-12 16:09:35,975 - __main__ - INFO - Preprocessing datasets...
2025-08-12 16:09:35,975 - src.data.preprocessor - INFO - Starting preprocessing of all ADMET datasets...
2025-08-12 16:09:35,975 - src.data.datasets - INFO - Processing BBBP dataset...
2025-08-12 16:09:35,976 - src.data.datasets - INFO - Loading BBBP dataset from TDC...
2025-08-12 16:09:36,004 - src.data.datasets - INFO - BBBP dataset: 2030 samples
2025-08-12 16:09:36,004 - src.data.datasets - INFO - Processing HERG dataset...
2025-08-12 16:09:36,004 - src.data.datasets - INFO - Loading hERG dataset from TDC...
2025-08-12 16:09:36,674 - src.data.datasets - INFO - hERG dataset: 10000 samples
2025-08-12 16:09:36,675 - src.data.datasets - INFO - Processing CYP3A4 dataset...
2025-08-12 16:09:36,675 - src.data.datasets - INFO - Loading CYP3A4 dataset from TDC...
2025-08-12 16:09:36,688 - src.data.datasets - INFO - CYP3A4 dataset: 670 samples
2025-08-12 16:09:36,688 - src.data.datasets - INFO - Processing FREESOLV dataset...
2025-08-12 16:09:36,688 - src.data.datasets - INFO - Loading FreeSolv dataset from TDC...
2025-08-12 16:09:36,700 - src.data.datasets - INFO - FreeSolv dataset: 642 samples
2025-08-12 16:09:36,701 - src.data.preprocessor - INFO - Processing BBBP dataset...
2025-08-12 16:09:36,702 - src.features.molecular_features - INFO - Generating features for 2030 molecules...
2025-08-12 16:09:43,239 - src.features.molecular_features - INFO - Generated features for 2030 valid molecules
2025-08-12 16:09:43,255 - src.data.preprocessor - INFO - BBBP: 2030 samples, 1049 features
2025-08-12 16:09:43,256 - src.data.preprocessor - INFO - Processing HERG dataset...
2025-08-12 16:09:43,258 - src.features.molecular_features - INFO - Generating features for 10000 molecules...
2025-08-12 16:10:14,925 - src.features.molecular_features - INFO - Generated features for 10000 valid molecules
2025-08-12 16:10:15,003 - src.data.preprocessor - INFO - HERG: 10000 samples, 1049 features
2025-08-12 16:10:15,003 - src.data.preprocessor - INFO - Processing CYP3A4 dataset...
2025-08-12 16:10:15,003 - src.features.molecular_features - INFO - Generating features for 670 molecules...
2025-08-12 16:10:16,893 - src.features.molecular_features - INFO - Generated features for 670 valid molecules
2025-08-12 16:10:16,898 - src.data.preprocessor - INFO - CYP3A4: 670 samples, 1049 features
2025-08-12 16:10:16,898 - src.data.preprocessor - INFO - Processing FREESOLV dataset...
2025-08-12 16:10:16,899 - src.features.molecular_features - INFO - Generating features for 642 molecules...
2025-08-12 16:10:18,356 - src.features.molecular_features - INFO - Generated features for 642 valid molecules
2025-08-12 16:10:18,361 - src.data.preprocessor - INFO - FREESOLV: 642 samples, 1049 features
2025-08-12 16:10:18,361 - __main__ - INFO - Generating dataset statistics...
2025-08-12 16:10:18,377 - __main__ - INFO - Dataset statistics saved to: data\processed\dataset_statistics.csv
2025-08-12 16:10:18,377 - __main__ - INFO - Analyzing features...
2025-08-12 16:10:18,534 - __main__ - INFO - Feature analysis saved to: data\processed\feature_analysis.json
2025-08-12 16:10:18,535 - __main__ - INFO - Creating data splits...
2025-08-12 16:10:18,535 - src.data.preprocessor - INFO - Using scaffold split for bbbp
2025-08-12 16:10:19,875 - src.data.preprocessor - INFO - BBBP splits - Train: 1413, Val: 207, Test: 410
2025-08-12 16:10:19,876 - src.data.preprocessor - INFO - Using scaffold split for herg
2025-08-12 16:10:24,291 - src.data.preprocessor - INFO - HERG splits - Train: 6999, Val: 1001, Test: 2000
2025-08-12 16:10:24,292 - src.data.preprocessor - INFO - Using scaffold split for cyp3a4
2025-08-12 16:10:24,636 - src.data.preprocessor - INFO - CYP3A4 splits - Train: 468, Val: 68, Test: 134
2025-08-12 16:10:24,637 - src.data.preprocessor - INFO - Using scaffold split for freesolv
2025-08-12 16:10:24,746 - src.data.preprocessor - INFO - FREESOLV splits - Train: 5, Val: 379, Test: 258
2025-08-12 16:10:24,746 - __main__ - INFO - Saving processed data...
2025-08-12 16:10:24,947 - src.data.preprocessor - INFO - Processed data saved to data\processed\processed_admet_data.pkl
2025-08-12 16:10:24,951 - src.data.preprocessor - INFO - Feature info saved to data\processed\feature_info.json
2025-08-12 16:10:24,952 - __main__ - INFO - Preprocessing pipeline completed successfully!
2025-08-12 16:43:31,308 - __main__ - INFO - Starting ADMET preprocessing pipeline...
2025-08-12 16:43:31,310 - __main__ - INFO - Configuration loaded from: configs/preprocessing_config.yaml
2025-08-12 16:43:31,310 - __main__ - INFO - Preprocessing datasets...
2025-08-12 16:43:31,310 - src.data.preprocessor - INFO - Starting preprocessing of all ADMET datasets...
2025-08-12 16:43:31,310 - src.data.datasets - INFO - Processing BBBP dataset...
2025-08-12 16:43:31,310 - src.data.datasets - INFO - Loading BBBP dataset from TDC...
2025-08-12 16:43:31,363 - src.data.datasets - INFO - BBBP dataset: 2030 samples
2025-08-12 16:43:31,363 - src.data.datasets - INFO - Processing HERG dataset...
2025-08-12 16:43:31,363 - src.data.datasets - INFO - Loading hERG dataset from TDC...
2025-08-12 16:43:31,972 - src.data.datasets - INFO - hERG dataset: 10000 samples
2025-08-12 16:43:31,972 - src.data.datasets - INFO - Processing CYP3A4 dataset...
2025-08-12 16:43:31,972 - src.data.datasets - INFO - Loading CYP3A4 dataset from TDC...
2025-08-12 16:43:31,982 - src.data.datasets - INFO - CYP3A4 dataset: 670 samples
2025-08-12 16:43:31,983 - src.data.datasets - INFO - Processing FREESOLV dataset...
2025-08-12 16:43:31,984 - src.data.datasets - INFO - Loading FreeSolv dataset from TDC...
2025-08-12 16:43:31,994 - src.data.datasets - INFO - FreeSolv dataset: 642 samples
2025-08-12 16:43:31,995 - src.data.preprocessor - INFO - Processing BBBP dataset...
2025-08-12 16:43:31,995 - src.features.molecular_features - INFO - Generating features for 2030 molecules...
2025-08-12 16:43:38,465 - src.features.molecular_features - INFO - Generated features for 2030 valid molecules
2025-08-12 16:43:38,487 - src.data.preprocessor - INFO - BBBP: 2030 samples, 1049 features
2025-08-12 16:43:38,488 - src.data.preprocessor - INFO - Processing HERG dataset...
2025-08-12 16:43:38,489 - src.features.molecular_features - INFO - Generating features for 10000 molecules...
2025-08-12 16:44:10,941 - src.features.molecular_features - INFO - Generated features for 10000 valid molecules
2025-08-12 16:44:11,018 - src.data.preprocessor - INFO - HERG: 10000 samples, 1049 features
2025-08-12 16:44:11,019 - src.data.preprocessor - INFO - Processing CYP3A4 dataset...
2025-08-12 16:44:11,019 - src.features.molecular_features - INFO - Generating features for 670 molecules...
2025-08-12 16:44:13,295 - src.features.molecular_features - INFO - Generated features for 670 valid molecules
2025-08-12 16:44:13,299 - src.data.preprocessor - INFO - CYP3A4: 670 samples, 1049 features
2025-08-12 16:44:13,299 - src.data.preprocessor - INFO - Processing FREESOLV dataset...
2025-08-12 16:44:13,299 - src.features.molecular_features - INFO - Generating features for 642 molecules...
2025-08-12 16:44:14,628 - src.features.molecular_features - INFO - Generated features for 642 valid molecules
2025-08-12 16:44:14,632 - src.data.preprocessor - INFO - FREESOLV: 642 samples, 1049 features
2025-08-12 16:44:14,633 - __main__ - INFO - Generating dataset statistics...
2025-08-12 16:44:14,656 - __main__ - INFO - Dataset statistics saved to: data\processed\dataset_statistics.csv
2025-08-12 16:44:14,656 - __main__ - INFO - Analyzing features...
2025-08-12 16:44:14,819 - __main__ - INFO - Feature analysis saved to: data\processed\feature_analysis.json
2025-08-12 16:44:14,819 - __main__ - INFO - Creating data splits...
2025-08-12 16:44:14,819 - src.data.preprocessor - INFO - Using scaffold split for bbbp
2025-08-12 16:44:16,350 - src.data.preprocessor - INFO - BBBP splits - Train: 1413, Val: 207, Test: 410
2025-08-12 16:44:16,351 - src.data.preprocessor - INFO - Using scaffold split for herg
2025-08-12 16:44:20,867 - src.data.preprocessor - INFO - HERG splits - Train: 6999, Val: 1001, Test: 2000
2025-08-12 16:44:20,868 - src.data.preprocessor - INFO - Using scaffold split for cyp3a4
2025-08-12 16:44:21,180 - src.data.preprocessor - INFO - CYP3A4 splits - Train: 468, Val: 68, Test: 134
2025-08-12 16:44:21,180 - src.data.preprocessor - INFO - Using scaffold split for freesolv
2025-08-12 16:44:21,284 - src.data.preprocessor - INFO - FREESOLV splits - Train: 5, Val: 379, Test: 258
2025-08-12 16:44:21,285 - __main__ - INFO - Saving processed data...
2025-08-12 16:44:21,524 - src.data.preprocessor - INFO - Processed data saved to data\processed\processed_admet_data.pkl
2025-08-12 16:44:21,529 - src.data.preprocessor - INFO - Feature info saved to data\processed\feature_info.json
2025-08-12 16:44:21,530 - __main__ - INFO - Preprocessing pipeline completed successfully!
2025-08-12 18:21:38,147 - __main__ - INFO - Starting ADMET preprocessing pipeline...
2025-08-12 18:21:38,147 - __main__ - INFO - Configuration loaded from: configs/preprocessing_config.yaml
2025-08-12 18:21:38,148 - __main__ - INFO - Preprocessing datasets...
2025-08-12 18:21:38,148 - src.data.preprocessor - INFO - Starting preprocessing of all ADMET datasets...
2025-08-12 18:21:38,148 - src.data.datasets - INFO - Processing BBBP dataset...
2025-08-12 18:21:38,148 - src.data.datasets - INFO - Loading BBBP dataset from TDC...
2025-08-12 18:21:38,179 - src.data.datasets - INFO - BBBP dataset: 2030 samples
2025-08-12 18:21:38,180 - src.data.datasets - INFO - Processing HERG dataset...
2025-08-12 18:21:38,180 - src.data.datasets - INFO - Loading hERG dataset from TDC...
2025-08-12 18:21:48,781 - src.data.datasets - INFO - hERG dataset: 655 samples
2025-08-12 18:21:48,783 - src.data.datasets - INFO - Processing CYP3A4 dataset...
2025-08-12 18:21:48,783 - src.data.datasets - INFO - Loading CYP3A4 dataset from TDC...
2025-08-12 18:21:48,792 - src.data.datasets - INFO - CYP3A4 dataset: 670 samples
2025-08-12 18:21:48,792 - src.data.datasets - INFO - Processing FREESOLV dataset...
2025-08-12 18:21:48,793 - src.data.datasets - INFO - Loading FreeSolv dataset from TDC...
2025-08-12 18:21:48,806 - src.data.datasets - INFO - FreeSolv dataset: 642 samples
2025-08-12 18:21:48,806 - src.data.preprocessor - INFO - Processing BBBP dataset...
2025-08-12 18:21:48,807 - src.features.molecular_features - INFO - Generating features for 2030 molecules...
2025-08-12 18:21:56,090 - src.features.molecular_features - INFO - Generated features for 2030 valid molecules
2025-08-12 18:21:56,110 - src.data.preprocessor - INFO - BBBP: 2030 samples, 1049 features
2025-08-12 18:21:56,110 - src.data.preprocessor - INFO - Processing HERG dataset...
2025-08-12 18:21:56,110 - src.features.molecular_features - INFO - Generating features for 655 molecules...
2025-08-12 18:21:58,124 - src.features.molecular_features - INFO - Generated features for 655 valid molecules
2025-08-12 18:21:58,134 - src.data.preprocessor - INFO - HERG: 655 samples, 1049 features
2025-08-12 18:21:58,134 - src.data.preprocessor - INFO - Processing CYP3A4 dataset...
2025-08-12 18:21:58,136 - src.features.molecular_features - INFO - Generating features for 670 molecules...
2025-08-12 18:22:00,294 - src.features.molecular_features - INFO - Generated features for 670 valid molecules
2025-08-12 18:22:00,302 - src.data.preprocessor - INFO - CYP3A4: 670 samples, 1049 features
2025-08-12 18:22:00,303 - src.data.preprocessor - INFO - Processing FREESOLV dataset...
2025-08-12 18:22:00,312 - src.features.molecular_features - INFO - Generating features for 642 molecules...
2025-08-12 18:22:01,563 - src.features.molecular_features - INFO - Generated features for 642 valid molecules
2025-08-12 18:22:01,574 - src.data.preprocessor - INFO - FREESOLV: 642 samples, 1049 features
2025-08-12 18:22:01,575 - __main__ - INFO - Generating dataset statistics...
2025-08-12 18:22:01,596 - __main__ - INFO - Dataset statistics saved to: data\processed\dataset_statistics.csv
2025-08-12 18:22:01,596 - __main__ - INFO - Analyzing features...
2025-08-12 18:22:01,714 - __main__ - INFO - Feature analysis saved to: data\processed\feature_analysis.json
2025-08-12 18:22:01,714 - __main__ - INFO - Creating data splits...
2025-08-12 18:22:01,715 - src.data.preprocessor - INFO - Normalization stats for freesolv: mean=-3.8030, std=3.8448
2025-08-12 18:22:01,715 - src.data.preprocessor - INFO - Using scaffold split for bbbp
2025-08-12 18:22:02,964 - src.data.preprocessor - INFO - BBBP splits - Train: 1413, Val: 207, Test: 410
2025-08-12 18:22:02,965 - src.data.preprocessor - INFO - Using scaffold split for herg
2025-08-12 18:22:03,342 - src.data.preprocessor - INFO - HERG splits - Train: 452, Val: 70, Test: 133
2025-08-12 18:22:03,342 - src.data.preprocessor - INFO - Using scaffold split for cyp3a4
2025-08-12 18:22:03,630 - src.data.preprocessor - INFO - CYP3A4 splits - Train: 468, Val: 68, Test: 134
2025-08-12 18:22:03,631 - src.data.preprocessor - INFO - Using scaffold split for freesolv
2025-08-12 18:22:03,733 - src.data.preprocessor - INFO - Normalized freesolv targets: train range=[-0.2099, 1.1842]
2025-08-12 18:22:03,734 - src.data.preprocessor - INFO - FREESOLV splits - Train: 5, Val: 379, Test: 258
2025-08-12 18:22:03,734 - __main__ - INFO - Saving processed data...
2025-08-12 18:22:03,794 - src.data.preprocessor - INFO - Processed data saved to data\processed\processed_admet_data.pkl
2025-08-12 18:22:03,799 - src.data.preprocessor - INFO - Feature info saved to data\processed\feature_info.json
2025-08-12 18:22:03,801 - __main__ - INFO - Preprocessing pipeline completed successfully!
